<?xml version="1.0" encoding="UTF-8"?>
<testsuite name="RaportTests" tests="1" skipped="0" failures="0" errors="0" timestamp="2020-01-11T09:15:02" hostname="HP-Envy" time="0.014">
  <properties/>
  <testcase name="getRaportsTests()" classname="RaportTests" time="0.014"/>
  <system-out><![CDATA[]]></system-out>
  <system-err><![CDATA[]]></system-err>
</testsuite>
