<?xml version="1.0" encoding="UTF-8"?>
<testsuite name="repository.CopilDbRepositoryTest" tests="3" skipped="0" failures="0" errors="0" timestamp="2020-03-18T18:40:19" hostname="HP-Envy" time="0.002">
  <properties/>
  <testcase name="findOnebyName" classname="repository.CopilDbRepositoryTest" time="0.001"/>
  <testcase name="findOne" classname="repository.CopilDbRepositoryTest" time="0.001"/>
  <testcase name="save" classname="repository.CopilDbRepositoryTest" time="0.0"/>
  <system-out><![CDATA[]]></system-out>
  <system-err><![CDATA[]]></system-err>
</testsuite>
