<?xml version="1.0" encoding="UTF-8"?>
<testsuite name="main.MainAppTest" tests="1" skipped="0" failures="0" errors="0" timestamp="2020-02-25T11:43:46" hostname="HP-Envy" time="0.002">
  <properties/>
  <testcase name="suma" classname="main.MainAppTest" time="0.002"/>
  <system-out><![CDATA[]]></system-out>
  <system-err><![CDATA[]]></system-err>
</testsuite>
